# JRE version: OpenJDK Runtime Environment (21.0.2+13) (build 21.0.2+13-58)
# Java VM: OpenJDK 64-Bit Server VM (21.0.2+13-58, mixed mode, sharing, tiered, compressed oops, compressed class ptrs, g1 gc, windows-amd64)
GC Precious Log:
 CardTable entry size: 512
 Card Set container configuration: InlinePtr #cards 5 size 8 Array Of Cards #cards 12 size 40 Howl #buckets 4 coarsen threshold 1843 Howl Bitmap #cards 512 size 80 coarsen threshold 460 Card regions per heap region 1 cards per card region 2048
 CPUs: 8 total, 8 available
 Memory: 7930M
 Large Page Support: Disabled
 NUMA Support: Disabled
 Compressed Oops: Enabled (32-bit)
 Heap Region Size: 1M
 Heap Min Capacity: 8M
 Heap Initial Capacity: 124M
 Heap Max Capacity: 1984M
 Pre-touch: Disabled
 Parallel Workers: 8
 Concurrent Workers: 2
 Concurrent Refinement Workers: 8
 Periodic GC: Disabled
Heap:
 garbage-first heap   total 112640K, used 84239K [0x0000000084000000, 0x0000000100000000)
  region size 1024K, 30 young (30720K), 4 survivors (4096K)
 Metaspace       used 41690K, committed 42304K, reserved 1114112K
  class space    used 4579K, committed 4864K, reserved 1048576K
GC Heap History (20 events):
Event: 21.334 GC heap before
{Heap before GC invocations=8 (full 0):
 garbage-first heap   total 95232K, used 79360K [0x0000000084000000, 0x0000000100000000)
  region size 1024K, 39 young (39936K), 5 survivors (5120K)
 Metaspace       used 30476K, committed 30976K, reserved 1114112K
  class space    used 3372K, committed 3584K, reserved 1048576K
}
Event: 21.349 GC heap after
{Heap after GC invocations=9 (full 0):
 garbage-first heap   total 95232K, used 45565K [0x0000000084000000, 0x0000000100000000)
  region size 1024K, 2 young (2048K), 2 survivors (2048K)
 Metaspace       used 30476K, committed 30976K, reserved 1114112K
  class space    used 3372K, committed 3584K, reserved 1048576K
}
Event: 22.782 GC heap before
{Heap before GC invocations=9 (full 0):
 garbage-first heap   total 95232K, used 81405K [0x0000000084000000, 0x0000000100000000)
  region size 1024K, 37 young (37888K), 2 survivors (2048K)
 Metaspace       used 30909K, committed 31424K, reserved 1114112K
  class space    used 3390K, committed 3648K, reserved 1048576K
}
Event: 22.794 GC heap after
{Heap after GC invocations=10 (full 0):
 garbage-first heap   total 95232K, used 46273K [0x0000000084000000, 0x0000000100000000)
  region size 1024K, 3 young (3072K), 3 survivors (3072K)
 Metaspace       used 30909K, committed 31424K, reserved 1114112K
  class space    used 3390K, committed 3648K, reserved 1048576K
}
Event: 25.783 GC heap before
{Heap before GC invocations=11 (full 0):
 garbage-first heap   total 95232K, used 83137K [0x0000000084000000, 0x0000000100000000)
  region size 1024K, 39 young (39936K), 3 survivors (3072K)
 Metaspace       used 32484K, committed 33024K, reserved 1114112K
  class space    used 3597K, committed 3840K, reserved 1048576K
}
Event: 25.798 GC heap after
{Heap after GC invocations=12 (full 0):
 garbage-first heap   total 95232K, used 47493K [0x0000000084000000, 0x0000000100000000)
  region size 1024K, 4 young (4096K), 4 survivors (4096K)
 Metaspace       used 32484K, committed 33024K, reserved 1114112K
  class space    used 3597K, committed 3840K, reserved 1048576K
}
Event: 32.519 GC heap before
{Heap before GC invocations=12 (full 0):
 garbage-first heap   total 95232K, used 87429K [0x0000000084000000, 0x0000000100000000)
  region size 1024K, 40 young (40960K), 4 survivors (4096K)
 Metaspace       used 33291K, committed 33856K, reserved 1114112K
  class space    used 3645K, committed 3904K, reserved 1048576K
}
Event: 32.545 GC heap after
{Heap after GC invocations=13 (full 0):
 garbage-first heap   total 100352K, used 54595K [0x0000000084000000, 0x0000000100000000)
  region size 1024K, 5 young (5120K), 5 survivors (5120K)
 Metaspace       used 33291K, committed 33856K, reserved 1114112K
  class space    used 3645K, committed 3904K, reserved 1048576K
}
Event: 32.646 GC heap before
{Heap before GC invocations=13 (full 0):
 garbage-first heap   total 100352K, used 56643K [0x0000000084000000, 0x0000000100000000)
  region size 1024K, 8 young (8192K), 5 survivors (5120K)
 Metaspace       used 33306K, committed 33856K, reserved 1114112K
  class space    used 3645K, committed 3904K, reserved 1048576K
}
Event: 32.652 GC heap after
{Heap after GC invocations=14 (full 0):
 garbage-first heap   total 100352K, used 56644K [0x0000000084000000, 0x0000000100000000)
  region size 1024K, 2 young (2048K), 2 survivors (2048K)
 Metaspace       used 33306K, committed 33856K, reserved 1114112K
  class space    used 3645K, committed 3904K, reserved 1048576K
}
Event: 33.178 GC heap before
{Heap before GC invocations=15 (full 0):
 garbage-first heap   total 109568K, used 82244K [0x0000000084000000, 0x0000000100000000)
  region size 1024K, 26 young (26624K), 2 survivors (2048K)
 Metaspace       used 33327K, committed 33856K, reserved 1114112K
  class space    used 3645K, committed 3904K, reserved 1048576K
}
Event: 33.189 GC heap after
{Heap after GC invocations=16 (full 0):
 garbage-first heap   total 109568K, used 65536K [0x0000000084000000, 0x0000000100000000)
  region size 1024K, 4 young (4096K), 4 survivors (4096K)
 Metaspace       used 33327K, committed 33856K, reserved 1114112K
  class space    used 3645K, committed 3904K, reserved 1048576K
}
Event: 35.030 GC heap before
{Heap before GC invocations=16 (full 0):
 garbage-first heap   total 109568K, used 88064K [0x0000000084000000, 0x0000000100000000)
  region size 1024K, 27 young (27648K), 4 survivors (4096K)
 Metaspace       used 33444K, committed 34048K, reserved 1114112K
  class space    used 3654K, committed 3904K, reserved 1048576K
}
Event: 35.048 GC heap after
{Heap after GC invocations=17 (full 0):
 garbage-first heap   total 109568K, used 64413K [0x0000000084000000, 0x0000000100000000)
  region size 1024K, 4 young (4096K), 4 survivors (4096K)
 Metaspace       used 33444K, committed 34048K, reserved 1114112K
  class space    used 3654K, committed 3904K, reserved 1048576K
}
Event: 37.136 GC heap before
{Heap before GC invocations=17 (full 0):
 garbage-first heap   total 109568K, used 87965K [0x0000000084000000, 0x0000000100000000)
  region size 1024K, 28 young (28672K), 4 survivors (4096K)
 Metaspace       used 34527K, committed 35072K, reserved 1114112K
  class space    used 3785K, committed 4032K, reserved 1048576K
}
Event: 37.162 GC heap after
{Heap after GC invocations=18 (full 0):
 garbage-first heap   total 109568K, used 65676K [0x0000000084000000, 0x0000000100000000)
  region size 1024K, 1 young (1024K), 1 survivors (1024K)
 Metaspace       used 34527K, committed 35072K, reserved 1114112K
  class space    used 3785K, committed 4032K, reserved 1048576K
}
Event: 41.863 GC heap before
{Heap before GC invocations=19 (full 0):
 garbage-first heap   total 112640K, used 91276K [0x0000000084000000, 0x0000000100000000)
  region size 1024K, 26 young (26624K), 1 survivors (1024K)
 Metaspace       used 33087K, committed 34112K, reserved 1114112K
  class space    used 3600K, committed 3968K, reserved 1048576K
}
Event: 41.869 GC heap after
{Heap after GC invocations=20 (full 0):
 garbage-first heap   total 112640K, used 65545K [0x0000000084000000, 0x0000000100000000)
  region size 1024K, 2 young (2048K), 2 survivors (2048K)
 Metaspace       used 33087K, committed 34112K, reserved 1114112K
  class space    used 3600K, committed 3968K, reserved 1048576K
}
Event: 50.613 GC heap before
{Heap before GC invocations=20 (full 0):
 garbage-first heap   total 112640K, used 94217K [0x0000000084000000, 0x0000000100000000)
  region size 1024K, 30 young (30720K), 2 survivors (2048K)
 Metaspace       used 36437K, committed 36928K, reserved 1114112K
  class space    used 3925K, committed 4160K, reserved 1048576K
}
Event: 50.685 GC heap after
{Heap after GC invocations=21 (full 0):
 garbage-first heap   total 112640K, used 58639K [0x0000000084000000, 0x0000000100000000)
  region size 1024K, 4 young (4096K), 4 survivors (4096K)
 Metaspace       used 36437K, committed 36928K, reserved 1114112K
  class space    used 3925K, committed 4160K, reserved 1048576K
}

